Info: Starting: Create block symbol file (.bsf)
Info: qsys-generate /homes/user/stud/spring24/shw2139/pitch-perfect/implementation/hw/soc_system.qsys --block-symbol-file --output-directory=/homes/user/stud/spring24/shw2139/pitch-perfect/implementation/hw/soc_system --family="Cyclone V" --part=5CSEMA5F31C6
Progress: Loading hw/soc_system.qsys
Progress: Reading input file
Progress: Adding audio_0 [altera_up_avalon_audio 18.0]
Progress: Parameterizing module audio_0
Progress: Adding audio_and_video_config_0 [altera_up_avalon_audio_and_video_config 18.0]
Progress: Parameterizing module audio_and_video_config_0
Progress: Adding audio_piper_0 [audio_piper 1.0]
Progress: Parameterizing module audio_piper_0
Progress: Adding audio_pll_0 [altera_up_avalon_audio_pll 18.0]
Progress: Parameterizing module audio_pll_0
Progress: Adding clk_0 [clock_source 21.1]
Progress: Parameterizing module clk_0
Progress: Adding first_hannifier [first_hannifier 1.0]
Progress: Parameterizing module first_hannifier
Progress: Adding hps_0 [altera_hps 21.1]
Progress: Parameterizing module hps_0
Progress: Adding pre_fft_buf [window_mem 1.0]
Progress: Parameterizing module pre_fft_buf
Progress: Adding pre_scaler_mag_buf_0 [window_mem 1.0]
Progress: Parameterizing module pre_scaler_mag_buf_0
Progress: Adding pre_scaler_mag_buf_1 [window_mem 1.0]
Progress: Parameterizing module pre_scaler_mag_buf_1
Progress: Adding pre_scaler_phase_buf_0 [window_mem 1.0]
Progress: Parameterizing module pre_scaler_phase_buf_0
Progress: Adding pre_scaler_phase_buf_1 [window_mem 1.0]
Progress: Parameterizing module pre_scaler_phase_buf_1
Progress: Adding scaler_0 [scaler 1.0]
Progress: Parameterizing module scaler_0
Progress: Adding software_interface_0 [software_interface 1.0]
Progress: Parameterizing module software_interface_0
Progress: Adding vga_ball_0 [vga_ball 1.0]
Progress: Parameterizing module vga_ball_0
Progress: Building connections
Progress: Parameterizing connections
Progress: Validating
Progress: Done reading input file
Info: soc_system.hps_0: HPS Main PLL counter settings: n = 0  m = 73
Info: soc_system.hps_0: HPS peripherial PLL counter settings: n = 0  m = 39
Warning: soc_system.first_hannifier: first_hannifier.sampler_to_first_hannifier must be exported, or connected to a matching conduit.
Warning: soc_system.first_hannifier: first_hannifier.first_hannifier_to_ffter must be exported, or connected to a matching conduit.
Warning: soc_system.first_hannifier: first_hannifier.hann_rom_reader must be exported, or connected to a matching conduit.
Warning: soc_system.first_hannifier: first_hannifier.ring_buf_reader must be exported, or connected to a matching conduit.
Warning: soc_system.pre_fft_buf: pre_fft_buf.memreader must be exported, or connected to a matching conduit.
Warning: soc_system.pre_scaler_mag_buf_0: pre_scaler_mag_buf_0.memwriter must be exported, or connected to a matching conduit.
Warning: soc_system.pre_scaler_mag_buf_1: pre_scaler_mag_buf_1.memwriter must be exported, or connected to a matching conduit.
Warning: soc_system.pre_scaler_phase_buf_0: pre_scaler_phase_buf_0.memwriter must be exported, or connected to a matching conduit.
Warning: soc_system.pre_scaler_phase_buf_1: pre_scaler_phase_buf_1.memwriter must be exported, or connected to a matching conduit.
Warning: soc_system.scaler_0: scaler_0.from_cart_to_polar must be exported, or connected to a matching conduit.
Warning: soc_system.scaler_0: scaler_0.rw_post_scaler_phase_buf_0 must be exported, or connected to a matching conduit.
Warning: soc_system.scaler_0: scaler_0.rw_post_scaler_phase_buf_1 must be exported, or connected to a matching conduit.
Warning: soc_system.scaler_0: scaler_0.rw_post_scaler_mag_buf_1 must be exported, or connected to a matching conduit.
Warning: soc_system.scaler_0: scaler_0.rw_post_scaler_mag_buf_0 must be exported, or connected to a matching conduit.
Warning: soc_system.scaler_0: scaler_0.rw_synth_devs_buf must be exported, or connected to a matching conduit.
Warning: soc_system.scaler_0: scaler_0.rw_synth_mags_buf must be exported, or connected to a matching conduit.
Warning: soc_system.scaler_0: scaler_0.to_polar_to_cart must be exported, or connected to a matching conduit.
Warning: soc_system.software_interface_0: software_interface_0.avalon_master must be connected to an Avalon-MM slave
Info: qsys-generate succeeded.
Info: Finished: Create block symbol file (.bsf)
Info: 
Info: Starting: Create HDL design files for synthesis
Info: qsys-generate /homes/user/stud/spring24/shw2139/pitch-perfect/implementation/hw/soc_system.qsys --synthesis=VERILOG --output-directory=/homes/user/stud/spring24/shw2139/pitch-perfect/implementation/hw/soc_system/synthesis --family="Cyclone V" --part=5CSEMA5F31C6
Progress: Loading hw/soc_system.qsys
Progress: Reading input file
Progress: Adding audio_0 [altera_up_avalon_audio 18.0]
Progress: Parameterizing module audio_0
Progress: Adding audio_and_video_config_0 [altera_up_avalon_audio_and_video_config 18.0]
Progress: Parameterizing module audio_and_video_config_0
Progress: Adding audio_piper_0 [audio_piper 1.0]
Progress: Parameterizing module audio_piper_0
Progress: Adding audio_pll_0 [altera_up_avalon_audio_pll 18.0]
Progress: Parameterizing module audio_pll_0
Progress: Adding clk_0 [clock_source 21.1]
Progress: Parameterizing module clk_0
Progress: Adding first_hannifier [first_hannifier 1.0]
Progress: Parameterizing module first_hannifier
Progress: Adding hps_0 [altera_hps 21.1]
Progress: Parameterizing module hps_0
Progress: Adding pre_fft_buf [window_mem 1.0]
Progress: Parameterizing module pre_fft_buf
Progress: Adding pre_scaler_mag_buf_0 [window_mem 1.0]
Progress: Parameterizing module pre_scaler_mag_buf_0
Progress: Adding pre_scaler_mag_buf_1 [window_mem 1.0]
Progress: Parameterizing module pre_scaler_mag_buf_1
Progress: Adding pre_scaler_phase_buf_0 [window_mem 1.0]
Progress: Parameterizing module pre_scaler_phase_buf_0
Progress: Adding pre_scaler_phase_buf_1 [window_mem 1.0]
Progress: Parameterizing module pre_scaler_phase_buf_1
Progress: Adding scaler_0 [scaler 1.0]
Progress: Parameterizing module scaler_0
Progress: Adding software_interface_0 [software_interface 1.0]
Progress: Parameterizing module software_interface_0
Progress: Adding vga_ball_0 [vga_ball 1.0]
Progress: Parameterizing module vga_ball_0
Progress: Building connections
Progress: Parameterizing connections
Progress: Validating
Progress: Done reading input file
Info: soc_system.hps_0: HPS Main PLL counter settings: n = 0  m = 73
Info: soc_system.hps_0: HPS peripherial PLL counter settings: n = 0  m = 39
Warning: soc_system.first_hannifier: first_hannifier.sampler_to_first_hannifier must be exported, or connected to a matching conduit.
Warning: soc_system.first_hannifier: first_hannifier.first_hannifier_to_ffter must be exported, or connected to a matching conduit.
Warning: soc_system.first_hannifier: first_hannifier.hann_rom_reader must be exported, or connected to a matching conduit.
Warning: soc_system.first_hannifier: first_hannifier.ring_buf_reader must be exported, or connected to a matching conduit.
Warning: soc_system.pre_fft_buf: pre_fft_buf.memreader must be exported, or connected to a matching conduit.
Warning: soc_system.pre_scaler_mag_buf_0: pre_scaler_mag_buf_0.memwriter must be exported, or connected to a matching conduit.
Warning: soc_system.pre_scaler_mag_buf_1: pre_scaler_mag_buf_1.memwriter must be exported, or connected to a matching conduit.
Warning: soc_system.pre_scaler_phase_buf_0: pre_scaler_phase_buf_0.memwriter must be exported, or connected to a matching conduit.
Warning: soc_system.pre_scaler_phase_buf_1: pre_scaler_phase_buf_1.memwriter must be exported, or connected to a matching conduit.
Warning: soc_system.scaler_0: scaler_0.from_cart_to_polar must be exported, or connected to a matching conduit.
Warning: soc_system.scaler_0: scaler_0.rw_post_scaler_phase_buf_0 must be exported, or connected to a matching conduit.
Warning: soc_system.scaler_0: scaler_0.rw_post_scaler_phase_buf_1 must be exported, or connected to a matching conduit.
Warning: soc_system.scaler_0: scaler_0.rw_post_scaler_mag_buf_1 must be exported, or connected to a matching conduit.
Warning: soc_system.scaler_0: scaler_0.rw_post_scaler_mag_buf_0 must be exported, or connected to a matching conduit.
Warning: soc_system.scaler_0: scaler_0.rw_synth_devs_buf must be exported, or connected to a matching conduit.
Warning: soc_system.scaler_0: scaler_0.rw_synth_mags_buf must be exported, or connected to a matching conduit.
Warning: soc_system.scaler_0: scaler_0.to_polar_to_cart must be exported, or connected to a matching conduit.
Warning: soc_system.software_interface_0: software_interface_0.avalon_master must be connected to an Avalon-MM slave
Info: soc_system: Generating soc_system "soc_system" for QUARTUS_SYNTH
Info: Interconnect is inserted between master hps_0.h2f_lw_axi_master and slave software_interface_0.avalon_slave because the master is of type axi and the slave is of type avalon.
Warning: hps_0.f2h_irq0: Cannot connect clock for irq_mapper.sender
Warning: hps_0.f2h_irq0: Cannot connect reset for irq_mapper.sender
Warning: hps_0.f2h_irq1: Cannot connect clock for irq_mapper_001.sender
Warning: hps_0.f2h_irq1: Cannot connect reset for irq_mapper_001.sender
Info: first_hannifier: "soc_system" instantiated first_hannifier "first_hannifier"
Info: hps_0: "Running  for module: hps_0"
Info: hps_0: HPS Main PLL counter settings: n = 0  m = 73
Info: hps_0: HPS peripherial PLL counter settings: n = 0  m = 39
Info: hps_0: "soc_system" instantiated altera_hps "hps_0"
Info: pre_fft_buf: "soc_system" instantiated window_mem "pre_fft_buf"
Info: scaler_0: "soc_system" instantiated scaler "scaler_0"
Info: software_interface_0: "soc_system" instantiated software_interface "software_interface_0"
Info: avalon_st_adapter: Inserting error_adapter: error_adapter_0
Info: mm_interconnect_0: "soc_system" instantiated altera_mm_interconnect "mm_interconnect_0"
Info: irq_mapper: "soc_system" instantiated altera_irq_mapper "irq_mapper"
Info: rst_controller: "soc_system" instantiated altera_reset_controller "rst_controller"
Info: fpga_interfaces: "hps_0" instantiated altera_interface_generator "fpga_interfaces"
Info: hps_io: "hps_0" instantiated altera_hps_io "hps_io"
Info: software_interface_0_avalon_slave_translator: "mm_interconnect_0" instantiated altera_merlin_slave_translator "software_interface_0_avalon_slave_translator"
Info: hps_0_h2f_lw_axi_master_agent: "mm_interconnect_0" instantiated altera_merlin_axi_master_ni "hps_0_h2f_lw_axi_master_agent"
Info: software_interface_0_avalon_slave_agent: "mm_interconnect_0" instantiated altera_merlin_slave_agent "software_interface_0_avalon_slave_agent"
Info: software_interface_0_avalon_slave_agent_rsp_fifo: "mm_interconnect_0" instantiated altera_avalon_sc_fifo "software_interface_0_avalon_slave_agent_rsp_fifo"
Info: router: "mm_interconnect_0" instantiated altera_merlin_router "router"
Info: router_002: "mm_interconnect_0" instantiated altera_merlin_router "router_002"
Info: software_interface_0_avalon_slave_burst_adapter: "mm_interconnect_0" instantiated altera_merlin_burst_adapter "software_interface_0_avalon_slave_burst_adapter"
Info: Reusing file /homes/user/stud/spring24/shw2139/pitch-perfect/implementation/hw/soc_system/synthesis/submodules/altera_merlin_address_alignment.sv
Info: cmd_demux: "mm_interconnect_0" instantiated altera_merlin_demultiplexer "cmd_demux"
Info: cmd_mux: "mm_interconnect_0" instantiated altera_merlin_multiplexer "cmd_mux"
Info: rsp_demux: "mm_interconnect_0" instantiated altera_merlin_demultiplexer "rsp_demux"
Info: rsp_mux: "mm_interconnect_0" instantiated altera_merlin_multiplexer "rsp_mux"
Info: Reusing file /homes/user/stud/spring24/shw2139/pitch-perfect/implementation/hw/soc_system/synthesis/submodules/altera_merlin_arbitrator.sv
Info: software_interface_0_avalon_slave_rsp_width_adapter: "mm_interconnect_0" instantiated altera_merlin_width_adapter "software_interface_0_avalon_slave_rsp_width_adapter"
Info: Reusing file /homes/user/stud/spring24/shw2139/pitch-perfect/implementation/hw/soc_system/synthesis/submodules/altera_merlin_address_alignment.sv
Info: Reusing file /homes/user/stud/spring24/shw2139/pitch-perfect/implementation/hw/soc_system/synthesis/submodules/altera_merlin_burst_uncompressor.sv
Info: avalon_st_adapter: "mm_interconnect_0" instantiated altera_avalon_st_adapter "avalon_st_adapter"
Info: border: "hps_io" instantiated altera_interface_generator "border"
Info: error_adapter_0: "avalon_st_adapter" instantiated error_adapter "error_adapter_0"
Info: soc_system: Done "soc_system" with 26 modules, 85 files
Info: qsys-generate succeeded.
Info: Finished: Create HDL design files for synthesis
